<?xml version="1.0" encoding="UTF-8" ?>
<testsuite errors="0" failures="0" hostname="ruspd-pc02" name="jetbrains.buildServer.swabra.SwabraTest" tests="8" time="257.56" timestamp="2010-01-11T11:49:54">
  <properties>
[...]
</properties>
  <testcase classname="jetbrains.buildServer.swabra.SwabraTest" name="testEmptyCheckoutDirBeforeBuild" time="35.437" />
  <testcase classname="jetbrains.buildServer.swabra.SwabraTest" name="testEmptyCheckoutDirAfterBuild" time="35.749" />
  <testcase classname="jetbrains.buildServer.swabra.SwabraTest" name="testOneCreatedOneModifiedOneNotChangedBeforeBuild" time="31.062" />
  <testcase classname="jetbrains.buildServer.swabra.SwabraTest" name="testOneCreatedOneModifiedOneNotChangedAfterBuild" time="31.234" />
  <testcase classname="jetbrains.buildServer.swabra.SwabraTest" name="testOneCreatedOneModifiedOneNotChangedBeforeAfter" time="31.375" />
  <testcase classname="jetbrains.buildServer.swabra.SwabraTest" name="testOneCreatedOneModifiedOneNotChangedAfterBefore" time="30.687" />
  <testcase classname="jetbrains.buildServer.swabra.SwabraTest" name="testOneCreatedOneModifiedOneNotChangedTurnedOffBefore" time="31.015" />
  <testcase classname="jetbrains.buildServer.swabra.SwabraTest" name="testOneCreatedOneModifiedOneNotChangedTurnedOffAfter" time="30.813" />
  <system-out><![CDATA[CheckoutDir is C:\Documents and Settings\vbedrosova\Local Settings\Temp\test1244801221\checkout_dir
CheckoutDir is C:\Documents and Settings\vbedrosova\Local Settings\Temp\test-1019069785\checkout_dir
CheckoutDir is C:\Documents and Settings\vbedrosova\Local Settings\Temp\test-15542146\checkout_dir
CheckoutDir is C:\Documents and Settings\vbedrosova\Local Settings\Temp\test-88669460\checkout_dir
CheckoutDir is C:\Documents and Settings\vbedrosova\Local Settings\Temp\test-1387831503\checkout_dir
CheckoutDir is C:\Documents and Settings\vbedrosova\Local Settings\Temp\test1295697829\checkout_dir
CheckoutDir is C:\Documents and Settings\vbedrosova\Local Settings\Temp\test-1865769582\checkout_dir
CheckoutDir is C:\Documents and Settings\vbedrosova\Local Settings\Temp\test244969808\checkout_dir
]]></system-out>
  <system-err><![CDATA[[2010-01-11 14:49:56,093]   WARN - ains.buildServer.swabra.Swabra - Swabra: no Handle executable prepared (swabra.handle.disable.download system property="True") 
[2010-01-11 14:49:56,108]   WARN - ains.buildServer.swabra.Swabra - Swabra: Need a valid checkout directory snapshot - forcing clean checkout for C:\Documents and Settings\vbedrosova\Local Settings\Temp\test1244801221\checkout_dir 
[2010-01-11 14:50:13,264]   WARN - ains.buildServer.swabra.Swabra - Swabra: no Handle executable prepared (swabra.handle.disable.download system property="True") 
[2010-01-11 14:50:30,561]   WARN - ains.buildServer.swabra.Swabra - Swabra: no Handle executable prepared (swabra.handle.disable.download system property="True") 
[2010-01-11 14:50:30,561]   WARN - ains.buildServer.swabra.Swabra - Swabra: Need a valid checkout directory snapshot - forcing clean checkout for C:\Documents and Settings\vbedrosova\Local Settings\Temp\test-1019069785\checkout_dir 
[2010-01-11 14:50:48,639]   WARN - ains.buildServer.swabra.Swabra - Swabra: no Handle executable prepared (swabra.handle.disable.download system property="True") 
[2010-01-11 14:51:06,029]   WARN - ains.buildServer.swabra.Swabra - Swabra: no Handle executable prepared (swabra.handle.disable.download system property="True") 
[2010-01-11 14:51:06,029]   WARN - ains.buildServer.swabra.Swabra - Swabra: Need a valid checkout directory snapshot - forcing clean checkout for C:\Documents and Settings\vbedrosova\Local Settings\Temp\test-15542146\checkout_dir 
[2010-01-11 14:51:21,388]   WARN - ains.buildServer.swabra.Swabra - Swabra: no Handle executable prepared (swabra.handle.disable.download system property="True") 
[2010-01-11 14:51:37,169]   WARN - ains.buildServer.swabra.Swabra - Swabra: no Handle executable prepared (swabra.handle.disable.download system property="True") 
[2010-01-11 14:51:37,169]   WARN - ains.buildServer.swabra.Swabra - Swabra: Need a valid checkout directory snapshot - forcing clean checkout for C:\Documents and Settings\vbedrosova\Local Settings\Temp\test-88669460\checkout_dir 
[2010-01-11 14:51:52,841]   WARN - ains.buildServer.swabra.Swabra - Swabra: no Handle executable prepared (swabra.handle.disable.download system property="True") 
[2010-01-11 14:52:08,450]   WARN - ains.buildServer.swabra.Swabra - Swabra: no Handle executable prepared (swabra.handle.disable.download system property="True") 
[2010-01-11 14:52:08,450]   WARN - ains.buildServer.swabra.Swabra - Swabra: Need a valid checkout directory snapshot - forcing clean checkout for C:\Documents and Settings\vbedrosova\Local Settings\Temp\test-1387831503\checkout_dir 
[2010-01-11 14:52:24,169]   WARN - ains.buildServer.swabra.Swabra - Swabra: no Handle executable prepared (swabra.handle.disable.download system property="True") 
[2010-01-11 14:52:39,669]   WARN - ains.buildServer.swabra.Swabra - Swabra: no Handle executable prepared (swabra.handle.disable.download system property="True") 
[2010-01-11 14:52:39,669]   WARN - ains.buildServer.swabra.Swabra - Swabra: Need a valid checkout directory snapshot - forcing clean checkout for C:\Documents and Settings\vbedrosova\Local Settings\Temp\test1295697829\checkout_dir 
[2010-01-11 14:52:55,028]   WARN - ains.buildServer.swabra.Swabra - Swabra: no Handle executable prepared (swabra.handle.disable.download system property="True") 
[2010-01-11 14:53:10,465]   WARN - ains.buildServer.swabra.Swabra - Swabra: no Handle executable prepared (swabra.handle.disable.download system property="True") 
[2010-01-11 14:53:25,902]   WARN - ains.buildServer.swabra.Swabra - Swabra: no Handle executable prepared (swabra.handle.disable.download system property="True") 
[2010-01-11 14:53:25,902]   WARN - ains.buildServer.swabra.Swabra - Swabra: Need a valid checkout directory snapshot - forcing clean checkout for C:\Documents and Settings\vbedrosova\Local Settings\Temp\test-1865769582\checkout_dir 
[2010-01-11 14:53:41,449]   WARN - ains.buildServer.swabra.Swabra - Swabra: no Handle executable prepared (swabra.handle.disable.download system property="True") 
[2010-01-11 14:53:56,761]   WARN - ains.buildServer.swabra.Swabra - Swabra: no Handle executable prepared (swabra.handle.disable.download system property="True") 
[2010-01-11 14:53:56,761]   WARN - ains.buildServer.swabra.Swabra - Swabra: Need a valid checkout directory snapshot - forcing clean checkout for C:\Documents and Settings\vbedrosova\Local Settings\Temp\test244969808\checkout_dir 
]]></system-err>
</testsuite>
